[ 2021-06-30T18:24:21+08:00 ] 127.0.0.1 http://www.webstudy.com/tp323/shop.php/
INFO: [ app_init ] --START--
INFO: Run Behavior\BuildLiteBehavior [ RunTime:0.000000s ]
INFO: [ app_init ] --END-- [ RunTime:0.001000s ]
ERR: 由于目标计算机积极拒绝，无法连接。


[ 2021-06-30T18:30:42+08:00 ] 127.0.0.1 http://www.webstudy.com/tp323/shop.php/index/index
INFO: [ app_init ] --START--
INFO: Run Behavior\BuildLiteBehavior [ RunTime:0.000000s ]
INFO: [ app_init ] --END-- [ RunTime:0.001000s ]
ERR: 由于连接方在一段时间后没有正确答复或连接的主机没有反应，连接尝试失败。


[ 2021-06-30T18:31:25+08:00 ] 127.0.0.1 http://www.webstudy.com/tp323/shop.php/index/index
INFO: [ app_init ] --START--
INFO: Run Behavior\BuildLiteBehavior [ RunTime:0.000000s ]
INFO: [ app_init ] --END-- [ RunTime:0.001000s ]
ERR: 由于连接方在一段时间后没有正确答复或连接的主机没有反应，连接尝试失败。


[ 2021-06-30T18:31:56+08:00 ] 127.0.0.1 http://www.webstudy.com/tp323/shop.php/index/index
INFO: [ app_init ] --START--
INFO: Run Behavior\BuildLiteBehavior [ RunTime:0.000000s ]
INFO: [ app_init ] --END-- [ RunTime:0.001000s ]
ERR: 由于目标计算机积极拒绝，无法连接。


[ 2021-06-30T18:37:28+08:00 ] 127.0.0.1 /tp323/shop.php/index/index
INFO: [ app_init ] --START--
INFO: Run Behavior\BuildLiteBehavior [ RunTime:0.000000s ]
INFO: [ app_init ] --END-- [ RunTime:0.000000s ]
ERR: 由于连接方在一段时间后没有正确答复或连接的主机没有反应，连接尝试失败。


[ 2021-06-30T18:37:30+08:00 ] 127.0.0.1 /tp323/shop.php/index/index
INFO: [ app_init ] --START--
INFO: Run Behavior\BuildLiteBehavior [ RunTime:0.000000s ]
INFO: [ app_init ] --END-- [ RunTime:0.001000s ]
ERR: 由于连接方在一段时间后没有正确答复或连接的主机没有反应，连接尝试失败。


[ 2021-06-30T18:37:40+08:00 ] 127.0.0.1 /tp323/shop.php/index/index
INFO: [ app_init ] --START--
INFO: Run Behavior\BuildLiteBehavior [ RunTime:0.000000s ]
INFO: [ app_init ] --END-- [ RunTime:0.001000s ]
ERR: 由于连接方在一段时间后没有正确答复或连接的主机没有反应，连接尝试失败。


[ 2021-06-30T18:40:57+08:00 ] 127.0.0.1 /tp323/shop.php/index/index
INFO: [ app_init ] --START--
INFO: Run Behavior\BuildLiteBehavior [ RunTime:0.000000s ]
INFO: [ app_init ] --END-- [ RunTime:0.001000s ]

[ 2021-06-30T18:40:58+08:00 ] 127.0.0.1 /tp323/shop.php/index/index
INFO: [ app_init ] --START--
INFO: Run Behavior\BuildLiteBehavior [ RunTime:0.000000s ]
INFO: [ app_init ] --END-- [ RunTime:0.000000s ]

[ 2021-06-30T18:45:37+08:00 ] 127.0.0.1 /tp323/shop.php/index/index
INFO: [ app_init ] --START--
INFO: Run Behavior\BuildLiteBehavior [ RunTime:0.000000s ]
INFO: [ app_init ] --END-- [ RunTime:0.000000s ]

[ 2021-06-30T18:47:43+08:00 ] 127.0.0.1 /tp323/shop.php/index/index
INFO: [ app_init ] --START--
INFO: Run Behavior\BuildLiteBehavior [ RunTime:0.000000s ]
INFO: [ app_init ] --END-- [ RunTime:0.001000s ]

[ 2021-06-30T18:48:51+08:00 ] 127.0.0.1 /tp323/shop.php/index/index
INFO: [ app_init ] --START--
INFO: Run Behavior\BuildLiteBehavior [ RunTime:0.000000s ]
INFO: [ app_init ] --END-- [ RunTime:0.001000s ]

[ 2021-06-30T18:48:54+08:00 ] 127.0.0.1 /tp323/shop.php/index/index
INFO: [ app_init ] --START--
INFO: Run Behavior\BuildLiteBehavior [ RunTime:0.000000s ]
INFO: [ app_init ] --END-- [ RunTime:0.001000s ]

[ 2021-06-30T18:51:01+08:00 ] 127.0.0.1 /tp323/shop.php/index/index
INFO: [ app_init ] --START--
INFO: Run Behavior\BuildLiteBehavior [ RunTime:0.000000s ]
INFO: [ app_init ] --END-- [ RunTime:0.001000s ]

[ 2021-06-30T18:59:52+08:00 ] 127.0.0.1 /tp323/shop.php/index/index
INFO: [ app_init ] --START--
INFO: Run Behavior\BuildLiteBehavior [ RunTime:0.000000s ]
INFO: [ app_init ] --END-- [ RunTime:0.001000s ]

[ 2021-06-30T19:15:45+08:00 ] 127.0.0.1 /tp323/shop.php/User/index
INFO: [ app_init ] --START--
INFO: Run Behavior\BuildLiteBehavior [ RunTime:0.000000s ]
INFO: [ app_init ] --END-- [ RunTime:0.000000s ]

[ 2021-06-30T19:15:46+08:00 ] 127.0.0.1 /tp323/shop.php/User/index
INFO: [ app_init ] --START--
INFO: Run Behavior\BuildLiteBehavior [ RunTime:0.000000s ]
INFO: [ app_init ] --END-- [ RunTime:0.001001s ]

[ 2021-06-30T19:15:57+08:00 ] 127.0.0.1 /tp323/shop.php/User/index
INFO: [ app_init ] --START--
INFO: Run Behavior\BuildLiteBehavior [ RunTime:0.000000s ]
INFO: [ app_init ] --END-- [ RunTime:0.000000s ]

[ 2021-06-30T19:25:09+08:00 ] 127.0.0.1 /tp323/shop.php/Index/index/index
INFO: [ app_init ] --START--
INFO: Run Behavior\BuildLiteBehavior [ RunTime:0.000000s ]
INFO: [ app_init ] --END-- [ RunTime:0.000000s ]

[ 2021-06-30T19:25:32+08:00 ] 127.0.0.1 /tp323/shop.php/Index/index/index
INFO: [ app_init ] --START--
INFO: Run Behavior\BuildLiteBehavior [ RunTime:0.000000s ]
INFO: [ app_init ] --END-- [ RunTime:0.000000s ]

[ 2021-06-30T19:26:04+08:00 ] 127.0.0.1 /tp323/shop.php/Index/index/index
INFO: [ app_init ] --START--
INFO: Run Behavior\BuildLiteBehavior [ RunTime:0.000000s ]
INFO: [ app_init ] --END-- [ RunTime:0.000000s ]

[ 2021-06-30T19:26:05+08:00 ] 127.0.0.1 /tp323/shop.php/Index/index/index
INFO: [ app_init ] --START--
INFO: Run Behavior\BuildLiteBehavior [ RunTime:0.000000s ]
INFO: [ app_init ] --END-- [ RunTime:0.000000s ]

[ 2021-06-30T19:26:05+08:00 ] 127.0.0.1 /tp323/shop.php/Index/index/index
INFO: [ app_init ] --START--
INFO: Run Behavior\BuildLiteBehavior [ RunTime:0.000000s ]
INFO: [ app_init ] --END-- [ RunTime:0.000000s ]

[ 2021-06-30T19:26:43+08:00 ] 127.0.0.1 /tp323/shop.php/Index/index/index
INFO: [ app_init ] --START--
INFO: Run Behavior\BuildLiteBehavior [ RunTime:0.000000s ]
INFO: [ app_init ] --END-- [ RunTime:0.001000s ]

