[ 2021-06-23T11:43:25+08:00 ] 127.0.0.1 /tp323/shop.php/user/index
INFO: [ app_init ] --START--
INFO: Run Behavior\BuildLiteBehavior [ RunTime:0.000000s ]
INFO: [ app_init ] --END-- [ RunTime:0.001000s ]
ERR: syntax error, unexpected ''DATA_CACHE_PREFIX'' (T_CONSTANT_ENCAPSED_STRING), expecting ')'

[ 2021-06-23T11:43:38+08:00 ] 127.0.0.1 /tp323/shop.php/user/index
INFO: [ app_init ] --START--
INFO: Run Behavior\BuildLiteBehavior [ RunTime:0.000000s ]
INFO: [ app_init ] --END-- [ RunTime:0.000000s ]
ERR: syntax error, unexpected ''DATA_CACHE_PREFIX'' (T_CONSTANT_ENCAPSED_STRING), expecting ')'

[ 2021-06-23T11:43:40+08:00 ] 127.0.0.1 /tp323/shop.php/user/index
INFO: [ app_init ] --START--
INFO: Run Behavior\BuildLiteBehavior [ RunTime:0.000000s ]
INFO: [ app_init ] --END-- [ RunTime:0.000000s ]
ERR: syntax error, unexpected ''DATA_CACHE_PREFIX'' (T_CONSTANT_ENCAPSED_STRING), expecting ')'

[ 2021-06-23T11:43:43+08:00 ] 127.0.0.1 /tp323/shop.php/user/index
INFO: [ app_init ] --START--
INFO: Run Behavior\BuildLiteBehavior [ RunTime:0.000000s ]
INFO: [ app_init ] --END-- [ RunTime:0.001000s ]
ERR: syntax error, unexpected ''DATA_CACHE_PREFIX'' (T_CONSTANT_ENCAPSED_STRING), expecting ')'

[ 2021-06-23T11:44:04+08:00 ] 127.0.0.1 /tp323/shop.php/user/index
INFO: [ app_init ] --START--
INFO: Run Behavior\BuildLiteBehavior [ RunTime:0.000000s ]
INFO: [ app_init ] --END-- [ RunTime:0.000000s ]
ERR: syntax error, unexpected ''DATA_CACHE_PREFIX'' (T_CONSTANT_ENCAPSED_STRING), expecting ')'

[ 2021-06-23T11:44:06+08:00 ] 127.0.0.1 /tp323/shop.php/user/index
INFO: [ app_init ] --START--
INFO: Run Behavior\BuildLiteBehavior [ RunTime:0.000000s ]
INFO: [ app_init ] --END-- [ RunTime:0.001000s ]
ERR: syntax error, unexpected ''DATA_CACHE_PREFIX'' (T_CONSTANT_ENCAPSED_STRING), expecting ')'

[ 2021-06-23T11:44:57+08:00 ] 127.0.0.1 /tp323/shop.php/user/index
INFO: [ app_init ] --START--
INFO: Run Behavior\BuildLiteBehavior [ RunTime:0.000000s ]
INFO: [ app_init ] --END-- [ RunTime:0.000000s ]
ERR: syntax error, unexpected ''DATA_CACHE_PREFIX'' (T_CONSTANT_ENCAPSED_STRING), expecting ')'

[ 2021-06-23T11:44:58+08:00 ] 127.0.0.1 /tp323/shop.php/user/index
INFO: [ app_init ] --START--
INFO: Run Behavior\BuildLiteBehavior [ RunTime:0.000000s ]
INFO: [ app_init ] --END-- [ RunTime:0.000000s ]
ERR: syntax error, unexpected ''DATA_CACHE_PREFIX'' (T_CONSTANT_ENCAPSED_STRING), expecting ')'

[ 2021-06-23T11:47:18+08:00 ] 127.0.0.1 /tp323/shop.php/user/index
INFO: [ app_init ] --START--
INFO: Run Behavior\BuildLiteBehavior [ RunTime:0.000000s ]
INFO: [ app_init ] --END-- [ RunTime:0.001000s ]
ERR: syntax error, unexpected ''DATA_CACHE_PREFIX'' (T_CONSTANT_ENCAPSED_STRING), expecting ')'

[ 2021-06-23T11:47:19+08:00 ] 127.0.0.1 /tp323/shop.php/user/index
INFO: [ app_init ] --START--
INFO: Run Behavior\BuildLiteBehavior [ RunTime:0.000000s ]
INFO: [ app_init ] --END-- [ RunTime:0.001000s ]
ERR: syntax error, unexpected ''DATA_CACHE_PREFIX'' (T_CONSTANT_ENCAPSED_STRING), expecting ')'

[ 2021-06-23T11:47:32+08:00 ] 127.0.0.1 /tp323/shop.php/user/index
INFO: [ app_init ] --START--
INFO: Run Behavior\BuildLiteBehavior [ RunTime:0.000000s ]
INFO: [ app_init ] --END-- [ RunTime:0.000000s ]
ERR: 无法加载控制器:User

[ 2021-06-23T11:47:44+08:00 ] 127.0.0.1 /tp323/shop.php/User/index
INFO: [ app_init ] --START--
INFO: Run Behavior\BuildLiteBehavior [ RunTime:0.000000s ]
INFO: [ app_init ] --END-- [ RunTime:0.001000s ]
ERR: 无法加载控制器:User

[ 2021-06-23T11:50:15+08:00 ] 127.0.0.1 /tp323/shop.php/User/index
INFO: [ app_init ] --START--
INFO: Run Behavior\BuildLiteBehavior [ RunTime:0.000000s ]
INFO: [ app_init ] --END-- [ RunTime:0.000000s ]
ERR: 无法加载控制器:User

[ 2021-06-23T11:50:20+08:00 ] 127.0.0.1 /tp323/shop.php/Cache/index
INFO: [ app_init ] --START--
INFO: Run Behavior\BuildLiteBehavior [ RunTime:0.000000s ]
INFO: [ app_init ] --END-- [ RunTime:0.001000s ]

[ 2021-06-23T11:51:23+08:00 ] 127.0.0.1 /tp323/shop.php/Cache/index
INFO: [ app_init ] --START--
INFO: Run Behavior\BuildLiteBehavior [ RunTime:0.000000s ]
INFO: [ app_init ] --END-- [ RunTime:0.001000s ]

[ 2021-06-23T11:51:38+08:00 ] 127.0.0.1 /tp323/shop.php/Cache/index
INFO: [ app_init ] --START--
INFO: Run Behavior\BuildLiteBehavior [ RunTime:0.000000s ]
INFO: [ app_init ] --END-- [ RunTime:0.001000s ]

[ 2021-06-23T11:52:58+08:00 ] 127.0.0.1 /tp323/shop.php/Cache/index
INFO: [ app_init ] --START--
INFO: Run Behavior\BuildLiteBehavior [ RunTime:0.000000s ]
INFO: [ app_init ] --END-- [ RunTime:0.001000s ]

[ 2021-06-23T11:52:59+08:00 ] 127.0.0.1 /tp323/shop.php/Cache/index
INFO: [ app_init ] --START--
INFO: Run Behavior\BuildLiteBehavior [ RunTime:0.000000s ]
INFO: [ app_init ] --END-- [ RunTime:0.001000s ]

[ 2021-06-23T11:53:03+08:00 ] 127.0.0.1 /tp323/shop.php/Cache/index
INFO: [ app_init ] --START--
INFO: Run Behavior\BuildLiteBehavior [ RunTime:0.000000s ]
INFO: [ app_init ] --END-- [ RunTime:0.001000s ]

[ 2021-06-23T11:53:04+08:00 ] 127.0.0.1 /tp323/shop.php/Cache/index
INFO: [ app_init ] --START--
INFO: Run Behavior\BuildLiteBehavior [ RunTime:0.000000s ]
INFO: [ app_init ] --END-- [ RunTime:0.001000s ]

[ 2021-06-23T11:53:29+08:00 ] 127.0.0.1 /tp323/shop.php/Cache/index
INFO: [ app_init ] --START--
INFO: Run Behavior\BuildLiteBehavior [ RunTime:0.000000s ]
INFO: [ app_init ] --END-- [ RunTime:0.000000s ]

[ 2021-06-23T13:54:06+08:00 ] 127.0.0.1 /tp323/shop.php/Cache/index
INFO: [ app_init ] --START--
INFO: Run Behavior\BuildLiteBehavior [ RunTime:0.000000s ]
INFO: [ app_init ] --END-- [ RunTime:0.000000s ]

[ 2021-06-23T13:58:19+08:00 ] 127.0.0.1 /tp323/shop.php/Cache/index
INFO: [ app_init ] --START--
INFO: Run Behavior\BuildLiteBehavior [ RunTime:0.000000s ]
INFO: [ app_init ] --END-- [ RunTime:0.001000s ]

[ 2021-06-23T13:58:25+08:00 ] 127.0.0.1 /tp323/shop.php/Cache/index
INFO: [ app_init ] --START--
INFO: Run Behavior\BuildLiteBehavior [ RunTime:0.000000s ]
INFO: [ app_init ] --END-- [ RunTime:0.000000s ]

[ 2021-06-23T13:58:26+08:00 ] 127.0.0.1 /tp323/shop.php/Cache/index
INFO: [ app_init ] --START--
INFO: Run Behavior\BuildLiteBehavior [ RunTime:0.000000s ]
INFO: [ app_init ] --END-- [ RunTime:0.001000s ]

[ 2021-06-23T17:16:09+08:00 ] 127.0.0.1 /tp323/shop.php
INFO: [ app_init ] --START--
INFO: Run Behavior\BuildLiteBehavior [ RunTime:0.000000s ]
INFO: [ app_init ] --END-- [ RunTime:0.000000s ]

[ 2021-06-23T17:16:16+08:00 ] 127.0.0.1 /tp323/shop.php/User/index
INFO: [ app_init ] --START--
INFO: Run Behavior\BuildLiteBehavior [ RunTime:0.000000s ]
INFO: [ app_init ] --END-- [ RunTime:0.000000s ]

[ 2021-06-23T17:16:31+08:00 ] 127.0.0.1 /tp323/shop.php/User/index/1
INFO: [ app_init ] --START--
INFO: Run Behavior\BuildLiteBehavior [ RunTime:0.000000s ]
INFO: [ app_init ] --END-- [ RunTime:0.000000s ]

[ 2021-06-23T17:16:46+08:00 ] 127.0.0.1 /tp323/shop.php/User/index/1
INFO: [ app_init ] --START--
INFO: Run Behavior\BuildLiteBehavior [ RunTime:0.000000s ]
INFO: [ app_init ] --END-- [ RunTime:0.000000s ]

[ 2021-06-23T17:17:36+08:00 ] 127.0.0.1 /tp323/shop.php/User/index/1
INFO: [ app_init ] --START--
INFO: Run Behavior\BuildLiteBehavior [ RunTime:0.000000s ]
INFO: [ app_init ] --END-- [ RunTime:0.000000s ]

[ 2021-06-23T17:18:06+08:00 ] 127.0.0.1 /tp323/shop.php/User/index/1
INFO: [ app_init ] --START--
INFO: Run Behavior\BuildLiteBehavior [ RunTime:0.000000s ]
INFO: [ app_init ] --END-- [ RunTime:0.000000s ]

[ 2021-06-23T17:18:09+08:00 ] 127.0.0.1 /tp323/shop.php/User/index/1
INFO: [ app_init ] --START--
INFO: Run Behavior\BuildLiteBehavior [ RunTime:0.000000s ]
INFO: [ app_init ] --END-- [ RunTime:0.001000s ]

[ 2021-06-23T17:18:26+08:00 ] 127.0.0.1 /tp323/shop.php/User/index/1
INFO: [ app_init ] --START--
INFO: Run Behavior\BuildLiteBehavior [ RunTime:0.000000s ]
INFO: [ app_init ] --END-- [ RunTime:0.000000s ]

[ 2021-06-23T17:19:06+08:00 ] 127.0.0.1 /tp323/shop.php/User/index/1.shtml
INFO: [ app_init ] --START--
INFO: Run Behavior\BuildLiteBehavior [ RunTime:0.000000s ]
INFO: [ app_init ] --END-- [ RunTime:0.000000s ]

[ 2021-06-23T17:19:51+08:00 ] 127.0.0.1 /tp323/shop.php/User/index/1.shtml
INFO: [ app_init ] --START--
INFO: Run Behavior\BuildLiteBehavior [ RunTime:0.000000s ]
INFO: [ app_init ] --END-- [ RunTime:0.001000s ]

[ 2021-06-23T17:19:52+08:00 ] 127.0.0.1 /tp323/shop.php/User/index/1.shtml
INFO: [ app_init ] --START--
INFO: Run Behavior\BuildLiteBehavior [ RunTime:0.000000s ]
INFO: [ app_init ] --END-- [ RunTime:0.000000s ]

[ 2021-06-23T17:19:52+08:00 ] 127.0.0.1 /tp323/shop.php/User/index/1.shtml
INFO: [ app_init ] --START--
INFO: Run Behavior\BuildLiteBehavior [ RunTime:0.000000s ]
INFO: [ app_init ] --END-- [ RunTime:0.000000s ]

[ 2021-06-23T17:19:53+08:00 ] 127.0.0.1 /tp323/shop.php/User/index/1.shtml
INFO: [ app_init ] --START--
INFO: Run Behavior\BuildLiteBehavior [ RunTime:0.000000s ]
INFO: [ app_init ] --END-- [ RunTime:0.000000s ]

[ 2021-06-23T17:19:53+08:00 ] 127.0.0.1 /tp323/shop.php/User/index/1.shtml
INFO: [ app_init ] --START--
INFO: Run Behavior\BuildLiteBehavior [ RunTime:0.000000s ]
INFO: [ app_init ] --END-- [ RunTime:0.001000s ]

[ 2021-06-23T17:20:14+08:00 ] 127.0.0.1 /tp323/shop.php/user/index/1.shtml
INFO: [ app_init ] --START--
INFO: Run Behavior\BuildLiteBehavior [ RunTime:0.000000s ]
INFO: [ app_init ] --END-- [ RunTime:0.000000s ]

[ 2021-06-23T17:22:06+08:00 ] 127.0.0.1 /tp323/shop.php/user/index/1.shtml
INFO: [ app_init ] --START--
INFO: Run Behavior\BuildLiteBehavior [ RunTime:0.000000s ]
INFO: [ app_init ] --END-- [ RunTime:0.000000s ]

[ 2021-06-23T17:22:07+08:00 ] 127.0.0.1 /tp323/shop.php/user/index/1.shtml
INFO: [ app_init ] --START--
INFO: Run Behavior\BuildLiteBehavior [ RunTime:0.000000s ]
INFO: [ app_init ] --END-- [ RunTime:0.000000s ]

[ 2021-06-23T17:23:04+08:00 ] 127.0.0.1 /tp323/shop.php/read/1
INFO: [ app_init ] --START--
INFO: Run Behavior\BuildLiteBehavior [ RunTime:0.000000s ]
INFO: [ app_init ] --END-- [ RunTime:0.000000s ]
ERR: 无法加载控制器:Read

[ 2021-06-23T17:23:15+08:00 ] 127.0.0.1 /tp323/shop.php/read/1
INFO: [ app_init ] --START--
INFO: Run Behavior\BuildLiteBehavior [ RunTime:0.000000s ]
INFO: [ app_init ] --END-- [ RunTime:0.000000s ]
ERR: 无法加载控制器:Read

[ 2021-06-23T17:23:17+08:00 ] 127.0.0.1 /tp323/shop.php/read/1
INFO: [ app_init ] --START--
INFO: Run Behavior\BuildLiteBehavior [ RunTime:0.000000s ]
INFO: [ app_init ] --END-- [ RunTime:0.000000s ]
ERR: 无法加载控制器:Read

[ 2021-06-23T17:23:29+08:00 ] 127.0.0.1 /tp323/shop.php/read/1
INFO: [ app_init ] --START--
INFO: Run Behavior\BuildLiteBehavior [ RunTime:0.000000s ]
INFO: [ app_init ] --END-- [ RunTime:0.000000s ]
ERR: 无法加载控制器:Read

[ 2021-06-23T17:23:45+08:00 ] 127.0.0.1 /tp323/shop.php/read/1
INFO: [ app_init ] --START--
INFO: Run Behavior\BuildLiteBehavior [ RunTime:0.000000s ]
INFO: [ app_init ] --END-- [ RunTime:0.000000s ]
ERR: 无法加载控制器:Read

[ 2021-06-23T17:23:46+08:00 ] 127.0.0.1 /tp323/shop.php/read/1
INFO: [ app_init ] --START--
INFO: Run Behavior\BuildLiteBehavior [ RunTime:0.000000s ]
INFO: [ app_init ] --END-- [ RunTime:0.000000s ]
ERR: 无法加载控制器:Read

[ 2021-06-23T17:23:54+08:00 ] 127.0.0.1 /tp323/shop.php/user/1
INFO: [ app_init ] --START--
INFO: Run Behavior\BuildLiteBehavior [ RunTime:0.000000s ]
INFO: [ app_init ] --END-- [ RunTime:0.001000s ]
ERR: 非法操作:1

[ 2021-06-23T17:23:58+08:00 ] 127.0.0.1 /tp323/shop.php/user
INFO: [ app_init ] --START--
INFO: Run Behavior\BuildLiteBehavior [ RunTime:0.000000s ]
INFO: [ app_init ] --END-- [ RunTime:0.000000s ]

[ 2021-06-23T17:24:16+08:00 ] 127.0.0.1 /tp323/shop.php/user/1
INFO: [ app_init ] --START--
INFO: Run Behavior\BuildLiteBehavior [ RunTime:0.000000s ]
INFO: [ app_init ] --END-- [ RunTime:0.001000s ]
ERR: 非法操作:1

[ 2021-06-23T17:24:25+08:00 ] 127.0.0.1 /tp323/shop.php/user/1
INFO: [ app_init ] --START--
INFO: Run Behavior\BuildLiteBehavior [ RunTime:0.000000s ]
INFO: [ app_init ] --END-- [ RunTime:0.001000s ]
ERR: 非法操作:1

[ 2021-06-23T17:24:26+08:00 ] 127.0.0.1 /tp323/shop.php/user/1
INFO: [ app_init ] --START--
INFO: Run Behavior\BuildLiteBehavior [ RunTime:0.000000s ]
INFO: [ app_init ] --END-- [ RunTime:0.000000s ]
ERR: 非法操作:1

[ 2021-06-23T17:24:31+08:00 ] 127.0.0.1 /tp323/shop.php/user/1
INFO: [ app_init ] --START--
INFO: Run Behavior\BuildLiteBehavior [ RunTime:0.000000s ]
INFO: [ app_init ] --END-- [ RunTime:0.000000s ]
ERR: 非法操作:1

[ 2021-06-23T17:24:35+08:00 ] 127.0.0.1 /tp323/shop.php/user/
INFO: [ app_init ] --START--
INFO: Run Behavior\BuildLiteBehavior [ RunTime:0.000000s ]
INFO: [ app_init ] --END-- [ RunTime:0.001000s ]

[ 2021-06-23T17:24:40+08:00 ] 127.0.0.1 /tp323/shop.php/user/1
INFO: [ app_init ] --START--
INFO: Run Behavior\BuildLiteBehavior [ RunTime:0.000000s ]
INFO: [ app_init ] --END-- [ RunTime:0.001000s ]
ERR: 非法操作:1

[ 2021-06-23T17:24:55+08:00 ] 127.0.0.1 /tp323/shop.php/user/1?id=1
INFO: [ app_init ] --START--
INFO: Run Behavior\BuildLiteBehavior [ RunTime:0.000000s ]
INFO: [ app_init ] --END-- [ RunTime:0.001000s ]
ERR: 非法操作:1

[ 2021-06-23T17:25:03+08:00 ] 127.0.0.1 /tp323/shop.php/user?id=1
INFO: [ app_init ] --START--
INFO: Run Behavior\BuildLiteBehavior [ RunTime:0.000000s ]
INFO: [ app_init ] --END-- [ RunTime:0.000000s ]

[ 2021-06-23T17:25:25+08:00 ] 127.0.0.1 /tp323/shop.php/user?id=1
INFO: [ app_init ] --START--
INFO: Run Behavior\BuildLiteBehavior [ RunTime:0.000000s ]
INFO: [ app_init ] --END-- [ RunTime:0.001000s ]

[ 2021-06-23T17:25:28+08:00 ] 127.0.0.1 /tp323/shop.php/user/1
INFO: [ app_init ] --START--
INFO: Run Behavior\BuildLiteBehavior [ RunTime:0.000000s ]
INFO: [ app_init ] --END-- [ RunTime:0.000000s ]
ERR: 非法操作:1

[ 2021-06-23T17:25:32+08:00 ] 127.0.0.1 /tp323/shop.php/user/1.html
INFO: [ app_init ] --START--
INFO: Run Behavior\BuildLiteBehavior [ RunTime:0.000000s ]
INFO: [ app_init ] --END-- [ RunTime:0.001000s ]
ERR: 非法操作:1

[ 2021-06-23T17:25:37+08:00 ] 127.0.0.1 /tp323/shop.php/user/1.shtml
INFO: [ app_init ] --START--
INFO: Run Behavior\BuildLiteBehavior [ RunTime:0.001000s ]
INFO: [ app_init ] --END-- [ RunTime:0.001000s ]
ERR: 非法操作:1.shtml

[ 2021-06-23T17:25:52+08:00 ] 127.0.0.1 /tp323/shop.php/user/1.shtml
INFO: [ app_init ] --START--
INFO: Run Behavior\BuildLiteBehavior [ RunTime:0.000000s ]
INFO: [ app_init ] --END-- [ RunTime:0.000000s ]
ERR: 非法操作:1.shtml

[ 2021-06-23T17:25:55+08:00 ] 127.0.0.1 /tp323/shop.php/user/1.shtml
INFO: [ app_init ] --START--
INFO: Run Behavior\BuildLiteBehavior [ RunTime:0.000000s ]
INFO: [ app_init ] --END-- [ RunTime:0.000000s ]
ERR: 非法操作:1.shtml

[ 2021-06-23T17:29:40+08:00 ] 127.0.0.1 /tp323/shop.php/user/1.shtml
INFO: [ app_init ] --START--
INFO: Run Behavior\BuildLiteBehavior [ RunTime:0.000000s ]
INFO: [ app_init ] --END-- [ RunTime:0.000000s ]
ERR: 非法操作:1.shtml

[ 2021-06-23T17:29:45+08:00 ] 127.0.0.1 /tp323/shop.php/user/1.shtml
INFO: [ app_init ] --START--
INFO: Run Behavior\BuildLiteBehavior [ RunTime:0.000000s ]
INFO: [ app_init ] --END-- [ RunTime:0.001000s ]
ERR: 非法操作:1.shtml

[ 2021-06-23T17:29:52+08:00 ] 127.0.0.1 /tp323/shop.php/user
INFO: [ app_init ] --START--
INFO: Run Behavior\BuildLiteBehavior [ RunTime:0.000000s ]
INFO: [ app_init ] --END-- [ RunTime:0.001000s ]

[ 2021-06-23T17:30:05+08:00 ] 127.0.0.1 /tp323/shop.php/user/1
INFO: [ app_init ] --START--
INFO: Run Behavior\BuildLiteBehavior [ RunTime:0.000000s ]
INFO: [ app_init ] --END-- [ RunTime:0.000000s ]

[ 2021-06-23T17:30:28+08:00 ] 127.0.0.1 /tp323/shop.php/user/1
INFO: [ app_init ] --START--
INFO: Run Behavior\BuildLiteBehavior [ RunTime:0.000000s ]
INFO: [ app_init ] --END-- [ RunTime:0.000000s ]
ERR: Function name must be a string

[ 2021-06-23T17:30:32+08:00 ] 127.0.0.1 /tp323/shop.php/user/1
INFO: [ app_init ] --START--
INFO: Run Behavior\BuildLiteBehavior [ RunTime:0.000000s ]
INFO: [ app_init ] --END-- [ RunTime:0.000000s ]
ERR: 非法操作:1

[ 2021-06-23T17:30:34+08:00 ] 127.0.0.1 /tp323/shop.php/user/1
INFO: [ app_init ] --START--
INFO: Run Behavior\BuildLiteBehavior [ RunTime:0.000000s ]
INFO: [ app_init ] --END-- [ RunTime:0.000000s ]
ERR: 非法操作:1

[ 2021-06-23T17:30:41+08:00 ] 127.0.0.1 /tp323/shop.php/user/1
INFO: [ app_init ] --START--
INFO: Run Behavior\BuildLiteBehavior [ RunTime:0.000000s ]
INFO: [ app_init ] --END-- [ RunTime:0.000000s ]
ERR: 非法操作:1

[ 2021-06-23T17:39:26+08:00 ] 127.0.0.1 /tp323/shop.php/index/sdatam
INFO: [ app_init ] --START--
INFO: Run Behavior\BuildLiteBehavior [ RunTime:0.000000s ]
INFO: [ app_init ] --END-- [ RunTime:0.000000s ]

[ 2021-06-23T18:04:10+08:00 ] 127.0.0.1 /tp323/shop.php/user/1
INFO: [ app_init ] --START--
INFO: Run Behavior\BuildLiteBehavior [ RunTime:0.000000s ]
INFO: [ app_init ] --END-- [ RunTime:0.000000s ]
ERR: 非法操作:1

[ 2021-06-23T18:04:20+08:00 ] 127.0.0.1 /tp323/shop.php/user/1
INFO: [ app_init ] --START--
INFO: Run Behavior\BuildLiteBehavior [ RunTime:0.000000s ]
INFO: [ app_init ] --END-- [ RunTime:0.000000s ]
ERR: 非法操作:1

[ 2021-06-23T18:04:25+08:00 ] 127.0.0.1 /tp323/shop.php/user
INFO: [ app_init ] --START--
INFO: Run Behavior\BuildLiteBehavior [ RunTime:0.000000s ]
INFO: [ app_init ] --END-- [ RunTime:0.000000s ]

[ 2021-06-23T18:06:19+08:00 ] 127.0.0.1 /tp323/shop.php/user
INFO: [ app_init ] --START--
INFO: Run Behavior\BuildLiteBehavior [ RunTime:0.000000s ]
INFO: [ app_init ] --END-- [ RunTime:0.000000s ]

[ 2021-06-23T18:06:46+08:00 ] 127.0.0.1 /tp323/shop.php/user
INFO: [ app_init ] --START--
INFO: Run Behavior\BuildLiteBehavior [ RunTime:0.000000s ]
INFO: [ app_init ] --END-- [ RunTime:0.001000s ]

[ 2021-06-23T18:06:49+08:00 ] 127.0.0.1 /tp323/shop.php/user/1
INFO: [ app_init ] --START--
INFO: Run Behavior\BuildLiteBehavior [ RunTime:0.000000s ]
INFO: [ app_init ] --END-- [ RunTime:0.001000s ]

[ 2021-06-23T18:06:58+08:00 ] 127.0.0.1 /tp323/shop.php/user/id/1
INFO: [ app_init ] --START--
INFO: Run Behavior\BuildLiteBehavior [ RunTime:0.000000s ]
INFO: [ app_init ] --END-- [ RunTime:0.000000s ]

[ 2021-06-23T18:07:29+08:00 ] 127.0.0.1 /tp323/shop.php/user/id/1
INFO: [ app_init ] --START--
INFO: Run Behavior\BuildLiteBehavior [ RunTime:0.000000s ]
INFO: [ app_init ] --END-- [ RunTime:0.000000s ]
ERR: Function name must be a string

[ 2021-06-23T18:07:42+08:00 ] 127.0.0.1 /tp323/shop.php/user/id/1
INFO: [ app_init ] --START--
INFO: Run Behavior\BuildLiteBehavior [ RunTime:0.000000s ]
INFO: [ app_init ] --END-- [ RunTime:0.001000s ]

[ 2021-06-23T18:07:51+08:00 ] 127.0.0.1 /tp323/shop.php/user/id/1
INFO: [ app_init ] --START--
INFO: Run Behavior\BuildLiteBehavior [ RunTime:0.000000s ]
INFO: [ app_init ] --END-- [ RunTime:0.001001s ]
ERR: 非法操作:id

[ 2021-06-23T18:08:13+08:00 ] 127.0.0.1 /tp323/shop.php/user/id/1
INFO: [ app_init ] --START--
INFO: Run Behavior\BuildLiteBehavior [ RunTime:0.000000s ]
INFO: [ app_init ] --END-- [ RunTime:0.000000s ]
ERR: 非法操作:id

[ 2021-06-23T18:08:17+08:00 ] 127.0.0.1 /tp323/shop.php/user/id/1
INFO: [ app_init ] --START--
INFO: Run Behavior\BuildLiteBehavior [ RunTime:0.000000s ]
INFO: [ app_init ] --END-- [ RunTime:0.000000s ]
ERR: 非法操作:id

[ 2021-06-23T18:08:23+08:00 ] 127.0.0.1 /tp323/shop.php/user
INFO: [ app_init ] --START--
INFO: Run Behavior\BuildLiteBehavior [ RunTime:0.000000s ]
INFO: [ app_init ] --END-- [ RunTime:0.000000s ]

[ 2021-06-23T18:08:24+08:00 ] 127.0.0.1 /tp323/shop.php/user
INFO: [ app_init ] --START--
INFO: Run Behavior\BuildLiteBehavior [ RunTime:0.000000s ]
INFO: [ app_init ] --END-- [ RunTime:0.001001s ]

[ 2021-06-23T18:08:36+08:00 ] 127.0.0.1 /tp323/shop.php/user
INFO: [ app_init ] --START--
INFO: Run Behavior\BuildLiteBehavior [ RunTime:0.000000s ]
INFO: [ app_init ] --END-- [ RunTime:0.000000s ]

[ 2021-06-23T18:09:07+08:00 ] 127.0.0.1 /tp323/shop.php/user
INFO: [ app_init ] --START--
INFO: Run Behavior\BuildLiteBehavior [ RunTime:0.000000s ]
INFO: [ app_init ] --END-- [ RunTime:0.000000s ]

[ 2021-06-23T18:09:10+08:00 ] 127.0.0.1 /tp323/shop.php/user/1
INFO: [ app_init ] --START--
INFO: Run Behavior\BuildLiteBehavior [ RunTime:0.000000s ]
INFO: [ app_init ] --END-- [ RunTime:0.000000s ]

[ 2021-06-23T18:12:28+08:00 ] 127.0.0.1 /tp323/shop.php/user/1
INFO: [ app_init ] --START--
INFO: Run Behavior\BuildLiteBehavior [ RunTime:0.000000s ]
INFO: [ app_init ] --END-- [ RunTime:0.000000s ]
ERR: 非法操作:1

[ 2021-06-23T18:12:35+08:00 ] 127.0.0.1 /tp323/shop.php/user/hash
INFO: [ app_init ] --START--
INFO: Run Behavior\BuildLiteBehavior [ RunTime:0.000000s ]
INFO: [ app_init ] --END-- [ RunTime:0.000000s ]

[ 2021-06-23T18:12:41+08:00 ] 127.0.0.1 /tp323/shop.php/user/hash
INFO: [ app_init ] --START--
INFO: Run Behavior\BuildLiteBehavior [ RunTime:0.000000s ]
INFO: [ app_init ] --END-- [ RunTime:0.001001s ]

[ 2021-06-23T18:13:15+08:00 ] 127.0.0.1 /tp323/shop.php/user/hash
INFO: [ app_init ] --START--
INFO: Run Behavior\BuildLiteBehavior [ RunTime:0.000000s ]
INFO: [ app_init ] --END-- [ RunTime:0.001000s ]

[ 2021-06-23T18:14:32+08:00 ] 127.0.0.1 /tp323/shop.php/user/hash
INFO: [ app_init ] --START--
INFO: Run Behavior\BuildLiteBehavior [ RunTime:0.000000s ]
INFO: [ app_init ] --END-- [ RunTime:0.001000s ]

[ 2021-06-23T18:14:35+08:00 ] 127.0.0.1 /tp323/shop.php/user/hash
INFO: [ app_init ] --START--
INFO: Run Behavior\BuildLiteBehavior [ RunTime:0.000000s ]
INFO: [ app_init ] --END-- [ RunTime:0.000000s ]

[ 2021-06-23T18:15:03+08:00 ] 127.0.0.1 /tp323/shop.php/user/hash
INFO: [ app_init ] --START--
INFO: Run Behavior\BuildLiteBehavior [ RunTime:0.000000s ]
INFO: [ app_init ] --END-- [ RunTime:0.000000s ]

[ 2021-06-23T18:15:54+08:00 ] 127.0.0.1 /tp323/shop.php/user/hash
INFO: [ app_init ] --START--
INFO: Run Behavior\BuildLiteBehavior [ RunTime:0.000000s ]
INFO: [ app_init ] --END-- [ RunTime:0.000000s ]

[ 2021-06-23T18:15:55+08:00 ] 127.0.0.1 /tp323/shop.php/user/hash
INFO: [ app_init ] --START--
INFO: Run Behavior\BuildLiteBehavior [ RunTime:0.000000s ]
INFO: [ app_init ] --END-- [ RunTime:0.001000s ]

[ 2021-06-23T18:15:57+08:00 ] 127.0.0.1 /tp323/shop.php/user/hash
INFO: [ app_init ] --START--
INFO: Run Behavior\BuildLiteBehavior [ RunTime:0.000000s ]
INFO: [ app_init ] --END-- [ RunTime:0.001000s ]

[ 2021-06-23T18:16:19+08:00 ] 127.0.0.1 /tp323/shop.php/user/hash
INFO: [ app_init ] --START--
INFO: Run Behavior\BuildLiteBehavior [ RunTime:0.000000s ]
INFO: [ app_init ] --END-- [ RunTime:0.000000s ]

[ 2021-06-23T18:16:26+08:00 ] 127.0.0.1 /tp323/shop.php/user/index
INFO: [ app_init ] --START--
INFO: Run Behavior\BuildLiteBehavior [ RunTime:0.000000s ]
INFO: [ app_init ] --END-- [ RunTime:0.000000s ]
ERR: 参数错误或者未定义:id

[ 2021-06-23T18:16:44+08:00 ] 127.0.0.1 /tp323/shop.php/user/index
INFO: [ app_init ] --START--
INFO: Run Behavior\BuildLiteBehavior [ RunTime:0.000000s ]
INFO: [ app_init ] --END-- [ RunTime:0.000000s ]

[ 2021-06-23T18:17:11+08:00 ] 127.0.0.1 /tp323/shop.php/user/index
INFO: [ app_init ] --START--
INFO: Run Behavior\BuildLiteBehavior [ RunTime:0.000000s ]
INFO: [ app_init ] --END-- [ RunTime:0.000000s ]

[ 2021-06-23T18:17:13+08:00 ] 127.0.0.1 /tp323/shop.php/user/hash
INFO: [ app_init ] --START--
INFO: Run Behavior\BuildLiteBehavior [ RunTime:0.000000s ]
INFO: [ app_init ] --END-- [ RunTime:0.001000s ]

[ 2021-06-23T18:17:54+08:00 ] 127.0.0.1 /tp323/shop.php/user/hash
INFO: [ app_init ] --START--
INFO: Run Behavior\BuildLiteBehavior [ RunTime:0.000000s ]
INFO: [ app_init ] --END-- [ RunTime:0.000000s ]

[ 2021-06-23T18:18:03+08:00 ] 127.0.0.1 /tp323/shop.php/user/index
INFO: [ app_init ] --START--
INFO: Run Behavior\BuildLiteBehavior [ RunTime:0.000000s ]
INFO: [ app_init ] --END-- [ RunTime:0.000000s ]

[ 2021-06-23T18:18:28+08:00 ] 127.0.0.1 /tp323/shop.php/user/index/1
INFO: [ app_init ] --START--
INFO: Run Behavior\BuildLiteBehavior [ RunTime:0.000000s ]
INFO: [ app_init ] --END-- [ RunTime:0.000000s ]

[ 2021-06-23T18:18:46+08:00 ] 127.0.0.1 /tp323/shop.php/user/index/1
INFO: [ app_init ] --START--
INFO: Run Behavior\BuildLiteBehavior [ RunTime:0.000000s ]
INFO: [ app_init ] --END-- [ RunTime:0.001000s ]

[ 2021-06-23T18:19:39+08:00 ] 127.0.0.1 /tp323/shop.php/user/index_1
INFO: [ app_init ] --START--
INFO: Run Behavior\BuildLiteBehavior [ RunTime:0.000000s ]
INFO: [ app_init ] --END-- [ RunTime:0.000000s ]
ERR: 非法操作:index_1

[ 2021-06-23T18:19:47+08:00 ] 127.0.0.1 /tp323/shop.php/user_index_1
INFO: [ app_init ] --START--
INFO: Run Behavior\BuildLiteBehavior [ RunTime:0.000000s ]
INFO: [ app_init ] --END-- [ RunTime:0.001000s ]
ERR: 无法加载控制器:User_index_1

[ 2021-06-23T18:19:56+08:00 ] 127.0.0.1 /tp323/shop.php/user/index/id/1
INFO: [ app_init ] --START--
INFO: Run Behavior\BuildLiteBehavior [ RunTime:0.000000s ]
INFO: [ app_init ] --END-- [ RunTime:0.000000s ]

[ 2021-06-23T18:29:32+08:00 ] 127.0.0.1 /tp323/shop.php/index/sdatam
INFO: [ app_init ] --START--
INFO: Run Behavior\BuildLiteBehavior [ RunTime:0.000000s ]
INFO: [ app_init ] --END-- [ RunTime:0.000000s ]

[ 2021-06-23T18:29:40+08:00 ] 127.0.0.1 /tp323/shop.php/user/index/id/1
INFO: [ app_init ] --START--
INFO: Run Behavior\BuildLiteBehavior [ RunTime:0.000000s ]
INFO: [ app_init ] --END-- [ RunTime:0.000000s ]

[ 2021-06-23T18:29:41+08:00 ] 127.0.0.1 /tp323/shop.php/user/index/id/1
INFO: [ app_init ] --START--
INFO: Run Behavior\BuildLiteBehavior [ RunTime:0.000000s ]
INFO: [ app_init ] --END-- [ RunTime:0.000000s ]

[ 2021-06-23T18:29:42+08:00 ] 127.0.0.1 /tp323/shop.php/user/index
INFO: [ app_init ] --START--
INFO: Run Behavior\BuildLiteBehavior [ RunTime:0.000000s ]
INFO: [ app_init ] --END-- [ RunTime:0.001000s ]

[ 2021-06-23T18:29:43+08:00 ] 127.0.0.1 /tp323/shop.php/user/index/id/1
INFO: [ app_init ] --START--
INFO: Run Behavior\BuildLiteBehavior [ RunTime:0.000000s ]
INFO: [ app_init ] --END-- [ RunTime:0.001000s ]

[ 2021-06-23T18:30:53+08:00 ] 127.0.0.1 /tp323/shop.php/user/index/id/1
INFO: [ app_init ] --START--
INFO: Run Behavior\BuildLiteBehavior [ RunTime:0.000000s ]
INFO: [ app_init ] --END-- [ RunTime:0.000000s ]

[ 2021-06-23T18:32:38+08:00 ] 127.0.0.1 /tp323/shop.php/index/sdatam
INFO: [ app_init ] --START--
INFO: Run Behavior\BuildLiteBehavior [ RunTime:0.000000s ]
INFO: [ app_init ] --END-- [ RunTime:0.000000s ]

[ 2021-06-23T18:32:39+08:00 ] 127.0.0.1 /tp323/shop.php/index/sdatam
INFO: [ app_init ] --START--
INFO: Run Behavior\BuildLiteBehavior [ RunTime:0.000000s ]
INFO: [ app_init ] --END-- [ RunTime:0.000000s ]

[ 2021-06-23T18:32:39+08:00 ] 127.0.0.1 /tp323/shop.php/index/sdatam
INFO: [ app_init ] --START--
INFO: Run Behavior\BuildLiteBehavior [ RunTime:0.000000s ]
INFO: [ app_init ] --END-- [ RunTime:0.000000s ]

[ 2021-06-23T18:32:40+08:00 ] 127.0.0.1 /tp323/shop.php/index/sdatam
INFO: [ app_init ] --START--
INFO: Run Behavior\BuildLiteBehavior [ RunTime:0.000000s ]
INFO: [ app_init ] --END-- [ RunTime:0.001000s ]

