[ 2021-06-21T13:44:41+08:00 ] 127.0.0.1 /tp323/admin.php
ERR: 无法加载控制器:Index

[ 2021-06-21T13:45:15+08:00 ] 127.0.0.1 /tp323/admin.php
ERR: 无法加载控制器:Index

[ 2021-06-21T13:45:16+08:00 ] 127.0.0.1 /tp323/admin.php
ERR: 无法加载控制器:Index

[ 2021-06-21T13:49:49+08:00 ] 127.0.0.1 /tp323/admin.php
ERR: syntax error, unexpected '<', expecting end of file

[ 2021-06-21T13:49:50+08:00 ] 127.0.0.1 /tp323/admin.php
ERR: syntax error, unexpected '<', expecting end of file

[ 2021-06-21T13:50:37+08:00 ] 127.0.0.1 /tp323/admin.php/sadmin
ERR: 无法加载控制器:Sadmin

[ 2021-06-21T13:52:21+08:00 ] 127.0.0.1 /tp323/admin.php/index/admn
ERR: 非法操作:admn

[ 2021-06-21T13:52:26+08:00 ] 127.0.0.1 /tp323/admin.php/index/sadmn
ERR: 非法操作:sadmn

[ 2021-06-21T15:55:59+08:00 ] 127.0.0.1 /tp323/admin.php/index/gadmin
ERR: 非法操作:gadmin

[ 2021-06-21T15:56:09+08:00 ] 127.0.0.1 /tp323/admin.php/index/gsession
ERR: 非法操作:gsession

[ 2021-06-21T16:17:52+08:00 ] 127.0.0.1 /tp323/admin.php/index/spath
ERR: 非法操作:spath

[ 2021-06-21T16:53:04+08:00 ] 127.0.0.1 /tp323/admin.php/index/gdata
INFO: [ app_init ] --START--
INFO: Run Behavior\BuildLiteBehavior [ RunTime:0.000000s ]
INFO: [ app_init ] --END-- [ RunTime:0.000000s ]
INFO: [ app_begin ] --START--
INFO: Run Behavior\ReadHtmlCacheBehavior [ RunTime:0.000000s ]
INFO: [ app_begin ] --END-- [ RunTime:0.000000s ]
INFO: [ app_end ] --START--
INFO: Run Behavior\ShowPageTraceBehavior [ RunTime:0.001001s ]
INFO: [ app_end ] --END-- [ RunTime:0.001001s ]

[ 2021-06-21T16:53:06+08:00 ] 127.0.0.1 /tp323/admin.php/index/gdata
INFO: [ app_init ] --START--
INFO: Run Behavior\BuildLiteBehavior [ RunTime:0.000000s ]
INFO: [ app_init ] --END-- [ RunTime:0.000000s ]
INFO: [ app_begin ] --START--
INFO: Run Behavior\ReadHtmlCacheBehavior [ RunTime:0.001000s ]
INFO: [ app_begin ] --END-- [ RunTime:0.001000s ]
INFO: [ app_end ] --START--
INFO: Run Behavior\ShowPageTraceBehavior [ RunTime:0.001000s ]
INFO: [ app_end ] --END-- [ RunTime:0.001000s ]

[ 2021-06-21T16:53:13+08:00 ] 127.0.0.1 /tp323/admin.php/index/sdata
INFO: [ app_init ] --START--
INFO: Run Behavior\BuildLiteBehavior [ RunTime:0.000000s ]
INFO: [ app_init ] --END-- [ RunTime:0.000000s ]
INFO: [ app_begin ] --START--
INFO: Run Behavior\ReadHtmlCacheBehavior [ RunTime:0.000000s ]
INFO: [ app_begin ] --END-- [ RunTime:0.000000s ]
INFO: [ app_end ] --START--
INFO: Run Behavior\ShowPageTraceBehavior [ RunTime:0.000000s ]
INFO: [ app_end ] --END-- [ RunTime:0.000000s ]

[ 2021-06-21T16:53:15+08:00 ] 127.0.0.1 /tp323/admin.php/index/sdata
INFO: [ app_init ] --START--
INFO: Run Behavior\BuildLiteBehavior [ RunTime:0.000000s ]
INFO: [ app_init ] --END-- [ RunTime:0.001000s ]
INFO: [ app_begin ] --START--
INFO: Run Behavior\ReadHtmlCacheBehavior [ RunTime:0.001000s ]
INFO: [ app_begin ] --END-- [ RunTime:0.001000s ]
INFO: [ app_end ] --START--
INFO: Run Behavior\ShowPageTraceBehavior [ RunTime:0.000000s ]
INFO: [ app_end ] --END-- [ RunTime:0.001000s ]

[ 2021-06-21T16:53:17+08:00 ] 127.0.0.1 /tp323/admin.php/index/gdata
INFO: [ app_init ] --START--
INFO: Run Behavior\BuildLiteBehavior [ RunTime:0.000000s ]
INFO: [ app_init ] --END-- [ RunTime:0.000000s ]
INFO: [ app_begin ] --START--
INFO: Run Behavior\ReadHtmlCacheBehavior [ RunTime:0.001000s ]
INFO: [ app_begin ] --END-- [ RunTime:0.001000s ]
INFO: [ app_end ] --START--
INFO: Run Behavior\ShowPageTraceBehavior [ RunTime:0.000000s ]
INFO: [ app_end ] --END-- [ RunTime:0.000000s ]

